::1 - - [21/Apr/2020:12:56:46 +0000] "POST /api/v1.0/users/create HTTP/1.1" 401 35 "-" "Mozilla/5.0 (Windows NT 10.0; Win64; x64) AppleWebKit/537.36 (KHTML, like Gecko) Chrome/80.0.3987.163 Safari/537.36"
::1 - - [21/Apr/2020:12:56:59 +0000] "POST /api/v1.0/users/create HTTP/1.1" 200 252 "-" "Mozilla/5.0 (Windows NT 10.0; Win64; x64) AppleWebKit/537.36 (KHTML, like Gecko) Chrome/80.0.3987.163 Safari/537.36"
::1 - - [21/Apr/2020:13:01:10 +0000] "GET /api/verify?id=5e9eed9b01fea83a00023684&hash=$2b$10$PmPPqSX9Udw8mIlLSo5.weIZCtGhyOipHGLwrNPAP2a4zsM1mMJk6 HTTP/1.1" 200 455 "-" "Mozilla/5.0 (Windows NT 10.0; Win64; x64) AppleWebKit/537.36 (KHTML, like Gecko) Chrome/80.0.3987.163 Safari/537.36"
::1 - - [21/Apr/2020:13:01:37 +0000] "POST /api/v1.0/users/create HTTP/1.1" 401 35 "-" "Mozilla/5.0 (Windows NT 10.0; Win64; x64) AppleWebKit/537.36 (KHTML, like Gecko) Chrome/80.0.3987.163 Safari/537.36"
::1 - - [21/Apr/2020:13:01:49 +0000] "POST /api/v1.0/faqs/faq HTTP/1.1" 500 747 "-" "Mozilla/5.0 (Windows NT 10.0; Win64; x64) AppleWebKit/537.36 (KHTML, like Gecko) Chrome/80.0.3987.163 Safari/537.36"
::1 - - [21/Apr/2020:13:02:33 +0000] "POST /api/v1.0/faqs/faq HTTP/1.1" 500 747 "-" "Mozilla/5.0 (Windows NT 10.0; Win64; x64) AppleWebKit/537.36 (KHTML, like Gecko) Chrome/80.0.3987.163 Safari/537.36"
::1 - - [21/Apr/2020:13:03:10 +0000] "POST /api/v1.0/faqs/faq HTTP/1.1" 200 26 "-" "Mozilla/5.0 (Windows NT 10.0; Win64; x64) AppleWebKit/537.36 (KHTML, like Gecko) Chrome/80.0.3987.163 Safari/537.36"
::1 - - [21/Apr/2020:13:07:22 +0000] "POST /api/v1.0/faqs/faq HTTP/1.1" 500 747 "-" "Mozilla/5.0 (Windows NT 10.0; Win64; x64) AppleWebKit/537.36 (KHTML, like Gecko) Chrome/80.0.3987.163 Safari/537.36"
::1 - - [21/Apr/2020:13:15:52 +0000] "POST /api/v1.0/faqs/faq HTTP/1.1" 200 455 "-" "Mozilla/5.0 (Windows NT 10.0; Win64; x64) AppleWebKit/537.36 (KHTML, like Gecko) Chrome/80.0.3987.163 Safari/537.36"
::1 - - [21/Apr/2020:13:16:02 +0000] "POST /api/v1.0/faqs/faq HTTP/1.1" 200 166 "-" "Mozilla/5.0 (Windows NT 10.0; Win64; x64) AppleWebKit/537.36 (KHTML, like Gecko) Chrome/80.0.3987.163 Safari/537.36"
::1 - - [21/Apr/2020:13:16:34 +0000] "POST /api/v1.0/faqs/faq HTTP/1.1" 500 21 "-" "Mozilla/5.0 (Windows NT 10.0; Win64; x64) AppleWebKit/537.36 (KHTML, like Gecko) Chrome/80.0.3987.163 Safari/537.36"
::1 - - [21/Apr/2020:13:17:02 +0000] "POST /api/v1.0/faqs/faq HTTP/1.1" 200 709 "-" "Mozilla/5.0 (Windows NT 10.0; Win64; x64) AppleWebKit/537.36 (KHTML, like Gecko) Chrome/80.0.3987.163 Safari/537.36"
::1 - - [21/Apr/2020:13:17:31 +0000] "POST /api/v1.0/faqs/faq HTTP/1.1" 200 280 "-" "Mozilla/5.0 (Windows NT 10.0; Win64; x64) AppleWebKit/537.36 (KHTML, like Gecko) Chrome/80.0.3987.163 Safari/537.36"
::1 - - [21/Apr/2020:14:00:34 +0000] "POST /api/v1.0/users/create HTTP/1.1" 200 251 "-" "Mozilla/5.0 (Windows NT 10.0; Win64; x64) AppleWebKit/537.36 (KHTML, like Gecko) Chrome/80.0.3987.163 Safari/537.36"
::1 - - [21/Apr/2020:14:11:06 +0000] "POST /api/v1.0/users/create HTTP/1.1" 200 2 "-" "Mozilla/5.0 (Windows NT 10.0; Win64; x64) AppleWebKit/537.36 (KHTML, like Gecko) Chrome/80.0.3987.163 Safari/537.36"
::1 - - [21/Apr/2020:14:12:21 +0000] "POST /api/v1.0/users/create HTTP/1.1" 200 2 "-" "Mozilla/5.0 (Windows NT 10.0; Win64; x64) AppleWebKit/537.36 (KHTML, like Gecko) Chrome/80.0.3987.163 Safari/537.36"
::1 - - [21/Apr/2020:14:13:21 +0000] "POST /api/v1.0/users/create HTTP/1.1" 200 2 "-" "Mozilla/5.0 (Windows NT 10.0; Win64; x64) AppleWebKit/537.36 (KHTML, like Gecko) Chrome/80.0.3987.163 Safari/537.36"
::1 - - [21/Apr/2020:14:18:17 +0000] "POST /api/v1.0/users/create HTTP/1.1" 200 2 "-" "Mozilla/5.0 (Windows NT 10.0; Win64; x64) AppleWebKit/537.36 (KHTML, like Gecko) Chrome/80.0.3987.163 Safari/537.36"
::1 - - [21/Apr/2020:14:20:15 +0000] "POST /api/v1.0/users/create HTTP/1.1" 200 252 "-" "Mozilla/5.0 (Windows NT 10.0; Win64; x64) AppleWebKit/537.36 (KHTML, like Gecko) Chrome/80.0.3987.163 Safari/537.36"
::1 - - [21/Apr/2020:14:30:40 +0000] "GET / HTTP/1.1" 200 61 "-" "Mozilla/5.0 (Windows NT 10.0; Win64; x64) AppleWebKit/537.36 (KHTML, like Gecko) Chrome/80.0.3987.163 Safari/537.36"
::1 - - [21/Apr/2020:14:31:54 +0000] "GET / HTTP/1.1" 200 80 "-" "Mozilla/5.0 (Windows NT 10.0; Win64; x64) AppleWebKit/537.36 (KHTML, like Gecko) Chrome/80.0.3987.163 Safari/537.36"
::1 - - [21/Apr/2020:14:51:02 +0000] "POST /api/v1.0/users/create HTTP/1.1" 200 500 "-" "Mozilla/5.0 (Windows NT 10.0; Win64; x64) AppleWebKit/537.36 (KHTML, like Gecko) Chrome/80.0.3987.163 Safari/537.36"
::1 - - [21/Apr/2020:14:51:29 +0000] "POST /api/v1.0/users/create HTTP/1.1" 200 252 "-" "Mozilla/5.0 (Windows NT 10.0; Win64; x64) AppleWebKit/537.36 (KHTML, like Gecko) Chrome/80.0.3987.163 Safari/537.36"
::1 - - [21/Apr/2020:14:52:29 +0000] "POST /api/v1.0/users/create HTTP/1.1" 200 251 "-" "Mozilla/5.0 (Windows NT 10.0; Win64; x64) AppleWebKit/537.36 (KHTML, like Gecko) Chrome/80.0.3987.163 Safari/537.36"
::1 - - [21/Apr/2020:14:55:34 +0000] "POST /api/v1.0/reports/report HTTP/1.1" 500 36 "-" "Mozilla/5.0 (Windows NT 10.0; Win64; x64) AppleWebKit/537.36 (KHTML, like Gecko) Chrome/80.0.3987.163 Safari/537.36"
::1 - - [21/Apr/2020:14:56:15 +0000] "POST /api/v1.0/reports/report HTTP/1.1" 500 36 "-" "Mozilla/5.0 (Windows NT 10.0; Win64; x64) AppleWebKit/537.36 (KHTML, like Gecko) Chrome/80.0.3987.163 Safari/537.36"
::1 - - [21/Apr/2020:14:57:05 +0000] "POST /api/v1.0/reports/report HTTP/1.1" 200 193 "-" "Mozilla/5.0 (Windows NT 10.0; Win64; x64) AppleWebKit/537.36 (KHTML, like Gecko) Chrome/80.0.3987.163 Safari/537.36"
::1 - - [21/Apr/2020:14:58:02 +0000] "POST /api/v1.0/reports/report HTTP/1.1" 200 193 "-" "Mozilla/5.0 (Windows NT 10.0; Win64; x64) AppleWebKit/537.36 (KHTML, like Gecko) Chrome/80.0.3987.163 Safari/537.36"
::1 - - [21/Apr/2020:14:58:28 +0000] "POST /api/v1.0/reports/report HTTP/1.1" 200 450 "-" "Mozilla/5.0 (Windows NT 10.0; Win64; x64) AppleWebKit/537.36 (KHTML, like Gecko) Chrome/80.0.3987.163 Safari/537.36"
::1 - - [21/Apr/2020:15:02:47 +0000] "POST /api/v1.0/reports/report HTTP/1.1" 200 893 "-" "Mozilla/5.0 (Windows NT 10.0; Win64; x64) AppleWebKit/537.36 (KHTML, like Gecko) Chrome/80.0.3987.163 Safari/537.36"
::1 - - [21/Apr/2020:15:12:18 +0000] "DELETE /api/v1.0/reports/report HTTP/1.1" 500 21 "-" "Mozilla/5.0 (Windows NT 10.0; Win64; x64) AppleWebKit/537.36 (KHTML, like Gecko) Chrome/80.0.3987.163 Safari/537.36"
::1 - - [21/Apr/2020:16:16:18 +0000] "POST /api/v1.0/reports/report HTTP/1.1" - - "-" "Mozilla/5.0 (Windows NT 10.0; Win64; x64) AppleWebKit/537.36 (KHTML, like Gecko) Chrome/80.0.3987.163 Safari/537.36"
::1 - - [21/Apr/2020:16:16:44 +0000] "POST /api/v1.0/reports/report HTTP/1.1" - - "-" "Mozilla/5.0 (Windows NT 10.0; Win64; x64) AppleWebKit/537.36 (KHTML, like Gecko) Chrome/80.0.3987.163 Safari/537.36"
::1 - - [21/Apr/2020:16:17:45 +0000] "POST /api/v1.0/reports/report HTTP/1.1" - - "-" "Mozilla/5.0 (Windows NT 10.0; Win64; x64) AppleWebKit/537.36 (KHTML, like Gecko) Chrome/80.0.3987.163 Safari/537.36"
::1 - - [21/Apr/2020:16:18:06 +0000] "POST /api/v1.0/reports/report HTTP/1.1" - - "-" "Mozilla/5.0 (Windows NT 10.0; Win64; x64) AppleWebKit/537.36 (KHTML, like Gecko) Chrome/80.0.3987.163 Safari/537.36"
::1 - - [21/Apr/2020:16:18:11 +0000] "POST /api/v1.0/reports/report HTTP/1.1" - - "-" "Mozilla/5.0 (Windows NT 10.0; Win64; x64) AppleWebKit/537.36 (KHTML, like Gecko) Chrome/80.0.3987.163 Safari/537.36"
::1 - - [21/Apr/2020:16:19:24 +0000] "POST /api/v1.0/reports/report HTTP/1.1" - - "-" "Mozilla/5.0 (Windows NT 10.0; Win64; x64) AppleWebKit/537.36 (KHTML, like Gecko) Chrome/80.0.3987.163 Safari/537.36"
::1 - - [21/Apr/2020:16:20:25 +0000] "POST /api/v1.0/reports/report HTTP/1.1" 404 9 "-" "Mozilla/5.0 (Windows NT 10.0; Win64; x64) AppleWebKit/537.36 (KHTML, like Gecko) Chrome/80.0.3987.163 Safari/537.36"
::1 - - [21/Apr/2020:16:21:25 +0000] "POST /api/v1.0/users/create HTTP/1.1" 200 251 "-" "Mozilla/5.0 (Windows NT 10.0; Win64; x64) AppleWebKit/537.36 (KHTML, like Gecko) Chrome/80.0.3987.163 Safari/537.36"
::1 - - [21/Apr/2020:16:22:27 +0000] "POST /api/v1.0/users/create HTTP/1.1" 401 35 "-" "Mozilla/5.0 (Windows NT 10.0; Win64; x64) AppleWebKit/537.36 (KHTML, like Gecko) Chrome/80.0.3987.163 Safari/537.36"
::1 - - [21/Apr/2020:16:22:53 +0000] "POST /api/v1.0/users/create HTTP/1.1" 200 251 "-" "Mozilla/5.0 (Windows NT 10.0; Win64; x64) AppleWebKit/537.36 (KHTML, like Gecko) Chrome/80.0.3987.163 Safari/537.36"
::1 - - [21/Apr/2020:16:23:40 +0000] "POST /api/v1.0/reports/report HTTP/1.1" 200 893 "-" "Mozilla/5.0 (Windows NT 10.0; Win64; x64) AppleWebKit/537.36 (KHTML, like Gecko) Chrome/80.0.3987.163 Safari/537.36"
::1 - - [21/Apr/2020:16:26:45 +0000] "PUT /api/v1.0/reports/report HTTP/1.1" 200 417 "-" "Mozilla/5.0 (Windows NT 10.0; Win64; x64) AppleWebKit/537.36 (KHTML, like Gecko) Chrome/80.0.3987.163 Safari/537.36"
::1 - - [21/Apr/2020:16:27:45 +0000] "PUT /api/v1.0/reports/report HTTP/1.1" 200 417 "-" "Mozilla/5.0 (Windows NT 10.0; Win64; x64) AppleWebKit/537.36 (KHTML, like Gecko) Chrome/80.0.3987.163 Safari/537.36"
::1 - - [21/Apr/2020:16:28:08 +0000] "DELETE /api/v1.0/reports/report HTTP/1.1" 200 411 "-" "Mozilla/5.0 (Windows NT 10.0; Win64; x64) AppleWebKit/537.36 (KHTML, like Gecko) Chrome/80.0.3987.163 Safari/537.36"
::1 - - [21/Apr/2020:16:36:52 +0000] "POST /api/v1.0/reports/report HTTP/1.1" 200 371 "-" "Mozilla/5.0 (Windows NT 10.0; Win64; x64) AppleWebKit/537.36 (KHTML, like Gecko) Chrome/80.0.3987.163 Safari/537.36"
::1 - - [21/Apr/2020:16:37:30 +0000] "POST /api/v1.0/reports/report HTTP/1.1" 200 371 "-" "Mozilla/5.0 (Windows NT 10.0; Win64; x64) AppleWebKit/537.36 (KHTML, like Gecko) Chrome/80.0.3987.163 Safari/537.36"
::1 - - [21/Apr/2020:16:38:19 +0000] "PUT /api/v1.0/reports/report HTTP/1.1" - - "-" "Mozilla/5.0 (Windows NT 10.0; Win64; x64) AppleWebKit/537.36 (KHTML, like Gecko) Chrome/80.0.3987.163 Safari/537.36"
::1 - - [21/Apr/2020:16:38:37 +0000] "PUT /api/v1.0/reports/report HTTP/1.1" 200 417 "-" "Mozilla/5.0 (Windows NT 10.0; Win64; x64) AppleWebKit/537.36 (KHTML, like Gecko) Chrome/80.0.3987.163 Safari/537.36"
::1 - - [21/Apr/2020:16:39:10 +0000] "PUT /api/v1.0/reports/report HTTP/1.1" 200 417 "-" "Mozilla/5.0 (Windows NT 10.0; Win64; x64) AppleWebKit/537.36 (KHTML, like Gecko) Chrome/80.0.3987.163 Safari/537.36"
::1 - - [21/Apr/2020:16:39:33 +0000] "PUT /api/v1.0/reports/report HTTP/1.1" 200 417 "-" "Mozilla/5.0 (Windows NT 10.0; Win64; x64) AppleWebKit/537.36 (KHTML, like Gecko) Chrome/80.0.3987.163 Safari/537.36"
::1 - - [21/Apr/2020:16:40:03 +0000] "PUT /api/v1.0/reports/report HTTP/1.1" 200 417 "-" "Mozilla/5.0 (Windows NT 10.0; Win64; x64) AppleWebKit/537.36 (KHTML, like Gecko) Chrome/80.0.3987.163 Safari/537.36"
::1 - - [21/Apr/2020:16:40:31 +0000] "PUT /api/v1.0/reports/report HTTP/1.1" 200 417 "-" "Mozilla/5.0 (Windows NT 10.0; Win64; x64) AppleWebKit/537.36 (KHTML, like Gecko) Chrome/80.0.3987.163 Safari/537.36"
::1 - - [21/Apr/2020:16:40:55 +0000] "PUT /api/v1.0/reports/report HTTP/1.1" 200 417 "-" "Mozilla/5.0 (Windows NT 10.0; Win64; x64) AppleWebKit/537.36 (KHTML, like Gecko) Chrome/80.0.3987.163 Safari/537.36"
::1 - - [21/Apr/2020:16:41:09 +0000] "PUT /api/v1.0/reports/report HTTP/1.1" 200 417 "-" "Mozilla/5.0 (Windows NT 10.0; Win64; x64) AppleWebKit/537.36 (KHTML, like Gecko) Chrome/80.0.3987.163 Safari/537.36"
::1 - - [21/Apr/2020:16:41:28 +0000] "PUT /api/v1.0/reports/report HTTP/1.1" 200 417 "-" "Mozilla/5.0 (Windows NT 10.0; Win64; x64) AppleWebKit/537.36 (KHTML, like Gecko) Chrome/80.0.3987.163 Safari/537.36"
::1 - - [21/Apr/2020:16:52:47 +0000] "GET /api/v1.0/reports/ HTTP/1.1" 500 1662 "-" "Mozilla/5.0 (Windows NT 10.0; Win64; x64) AppleWebKit/537.36 (KHTML, like Gecko) Chrome/80.0.3987.163 Safari/537.36"
::1 - - [21/Apr/2020:16:53:17 +0000] "GET /api/v1.0/reports/ HTTP/1.1" 200 2 "-" "Mozilla/5.0 (Windows NT 10.0; Win64; x64) AppleWebKit/537.36 (KHTML, like Gecko) Chrome/80.0.3987.163 Safari/537.36"
::1 - - [21/Apr/2020:16:53:31 +0000] "GET /api/v1.0/reports/ HTTP/1.1" 200 373 "-" "Mozilla/5.0 (Windows NT 10.0; Win64; x64) AppleWebKit/537.36 (KHTML, like Gecko) Chrome/80.0.3987.163 Safari/537.36"
::1 - - [21/Apr/2020:16:54:10 +0000] "GET /api/v1.0/reports/ HTTP/1.1" 200 373 "-" "Mozilla/5.0 (Windows NT 10.0; Win64; x64) AppleWebKit/537.36 (KHTML, like Gecko) Chrome/80.0.3987.163 Safari/537.36"
::1 - - [21/Apr/2020:16:54:45 +0000] "GET /api/v1.0/reports/ HTTP/1.1" 200 373 "-" "Mozilla/5.0 (Windows NT 10.0; Win64; x64) AppleWebKit/537.36 (KHTML, like Gecko) Chrome/80.0.3987.163 Safari/537.36"
::1 - - [21/Apr/2020:16:54:54 +0000] "GET /api/v1.0/reports?offset=10 HTTP/1.1" 200 373 "-" "Mozilla/5.0 (Windows NT 10.0; Win64; x64) AppleWebKit/537.36 (KHTML, like Gecko) Chrome/80.0.3987.163 Safari/537.36"
::1 - - [21/Apr/2020:16:55:32 +0000] "GET /api/v1.0/reports?offset=10 HTTP/1.1" 200 373 "-" "Mozilla/5.0 (Windows NT 10.0; Win64; x64) AppleWebKit/537.36 (KHTML, like Gecko) Chrome/80.0.3987.163 Safari/537.36"
::1 - - [21/Apr/2020:16:55:50 +0000] "GET /api/v1.0/reports?offset=10 HTTP/1.1" 200 373 "-" "Mozilla/5.0 (Windows NT 10.0; Win64; x64) AppleWebKit/537.36 (KHTML, like Gecko) Chrome/80.0.3987.163 Safari/537.36"
::1 - - [21/Apr/2020:16:56:22 +0000] "GET /api/v1.0/reports?offset=10 HTTP/1.1" 200 373 "-" "Mozilla/5.0 (Windows NT 10.0; Win64; x64) AppleWebKit/537.36 (KHTML, like Gecko) Chrome/80.0.3987.163 Safari/537.36"
::1 - - [21/Apr/2020:16:56:49 +0000] "GET /api/v1.0/reports?offset=10 HTTP/1.1" 200 2 "-" "Mozilla/5.0 (Windows NT 10.0; Win64; x64) AppleWebKit/537.36 (KHTML, like Gecko) Chrome/80.0.3987.163 Safari/537.36"
::1 - - [21/Apr/2020:16:57:17 +0000] "GET /api/v1.0/reports?offset=10 HTTP/1.1" 200 373 "-" "Mozilla/5.0 (Windows NT 10.0; Win64; x64) AppleWebKit/537.36 (KHTML, like Gecko) Chrome/80.0.3987.163 Safari/537.36"
::1 - - [21/Apr/2020:16:57:32 +0000] "GET /api/v1.0/reports?offset=10 HTTP/1.1" 200 373 "-" "Mozilla/5.0 (Windows NT 10.0; Win64; x64) AppleWebKit/537.36 (KHTML, like Gecko) Chrome/80.0.3987.163 Safari/537.36"
::1 - - [21/Apr/2020:16:58:00 +0000] "GET /api/v1.0/reports?offset=10 HTTP/1.1" 200 2 "-" "Mozilla/5.0 (Windows NT 10.0; Win64; x64) AppleWebKit/537.36 (KHTML, like Gecko) Chrome/80.0.3987.163 Safari/537.36"
::1 - - [21/Apr/2020:16:59:05 +0000] "GET /api/v1.0/reports?offset=10 HTTP/1.1" 500 1662 "-" "Mozilla/5.0 (Windows NT 10.0; Win64; x64) AppleWebKit/537.36 (KHTML, like Gecko) Chrome/80.0.3987.163 Safari/537.36"
::1 - - [21/Apr/2020:16:59:45 +0000] "GET /api/v1.0/reports?offset=10 HTTP/1.1" 200 2 "-" "Mozilla/5.0 (Windows NT 10.0; Win64; x64) AppleWebKit/537.36 (KHTML, like Gecko) Chrome/80.0.3987.163 Safari/537.36"
::1 - - [21/Apr/2020:16:59:48 +0000] "GET /api/v1.0/reports?offset=0 HTTP/1.1" 200 373 "-" "Mozilla/5.0 (Windows NT 10.0; Win64; x64) AppleWebKit/537.36 (KHTML, like Gecko) Chrome/80.0.3987.163 Safari/537.36"
::1 - - [21/Apr/2020:17:00:40 +0000] "GET /api/v1.0/reports?offset=0 HTTP/1.1" 200 373 "-" "Mozilla/5.0 (Windows NT 10.0; Win64; x64) AppleWebKit/537.36 (KHTML, like Gecko) Chrome/80.0.3987.163 Safari/537.36"
::1 - - [21/Apr/2020:17:00:53 +0000] "GET /api/v1.0/reports?offset=0&infected_area=true HTTP/1.1" 200 373 "-" "Mozilla/5.0 (Windows NT 10.0; Win64; x64) AppleWebKit/537.36 (KHTML, like Gecko) Chrome/80.0.3987.163 Safari/537.36"
::1 - - [21/Apr/2020:17:04:49 +0000] "GET /api/v1.0/reports?offset=0&infected_area=true HTTP/1.1" 200 373 "-" "Mozilla/5.0 (Windows NT 10.0; Win64; x64) AppleWebKit/537.36 (KHTML, like Gecko) Chrome/80.0.3987.163 Safari/537.36"
::1 - - [21/Apr/2020:17:06:56 +0000] "GET /api/v1.0/reports?offset=0&infected_area=true&symptoms=Fever HTTP/1.1" 200 373 "-" "Mozilla/5.0 (Windows NT 10.0; Win64; x64) AppleWebKit/537.36 (KHTML, like Gecko) Chrome/80.0.3987.163 Safari/537.36"
::1 - - [21/Apr/2020:17:07:01 +0000] "GET /api/v1.0/reports?offset=0&infected_area=true&symptoms=fever HTTP/1.1" 200 373 "-" "Mozilla/5.0 (Windows NT 10.0; Win64; x64) AppleWebKit/537.36 (KHTML, like Gecko) Chrome/80.0.3987.163 Safari/537.36"
::1 - - [21/Apr/2020:17:07:13 +0000] "GET /api/v1.0/reports?offset=0&infected_area=true&symptoms=cancer HTTP/1.1" 200 373 "-" "Mozilla/5.0 (Windows NT 10.0; Win64; x64) AppleWebKit/537.36 (KHTML, like Gecko) Chrome/80.0.3987.163 Safari/537.36"
::1 - - [21/Apr/2020:17:07:29 +0000] "GET /api/v1.0/reports?offset=0&infected_area=true&symptoms=cancer HTTP/1.1" 200 2 "-" "Mozilla/5.0 (Windows NT 10.0; Win64; x64) AppleWebKit/537.36 (KHTML, like Gecko) Chrome/80.0.3987.163 Safari/537.36"
::1 - - [21/Apr/2020:17:07:39 +0000] "GET /api/v1.0/reports?offset=0&infected_area=true HTTP/1.1" 200 373 "-" "Mozilla/5.0 (Windows NT 10.0; Win64; x64) AppleWebKit/537.36 (KHTML, like Gecko) Chrome/80.0.3987.163 Safari/537.36"
::1 - - [21/Apr/2020:17:09:46 +0000] "GET /api/v1.0/reports?offset=0&infected_area=true&precondition=HIV HTTP/1.1" 200 373 "-" "Mozilla/5.0 (Windows NT 10.0; Win64; x64) AppleWebKit/537.36 (KHTML, like Gecko) Chrome/80.0.3987.163 Safari/537.36"
::1 - - [21/Apr/2020:17:09:51 +0000] "GET /api/v1.0/reports?offset=0&infected_area=true&precondition=hiv HTTP/1.1" 200 2 "-" "Mozilla/5.0 (Windows NT 10.0; Win64; x64) AppleWebKit/537.36 (KHTML, like Gecko) Chrome/80.0.3987.163 Safari/537.36"
::1 - - [21/Apr/2020:17:15:04 +0000] "GET /api/v1.0/reports?offset=0&infected_area=true HTTP/1.1" 200 373 "-" "Mozilla/5.0 (Windows NT 10.0; Win64; x64) AppleWebKit/537.36 (KHTML, like Gecko) Chrome/80.0.3987.163 Safari/537.36"
